C51 COMPILER V9.60.7.0   COMMUNICATION                                                     04/14/2025 00:10:11 PAGE 1   


C51 COMPILER V9.60.7.0, COMPILATION OF MODULE COMMUNICATION
OBJECT MODULE PLACED IN ..\Output\communication.obj
COMPILER INVOKED BY: D:\APP\Keil_STM32\C51\BIN\C51.EXE ..\BSP\Src\communication.c LARGE OPTIMIZE(8,SPEED) BROWSE INCDIR(
                    -..\BSP\Inc;..\Core\Inc;..\Driver;..\Emembed\Inc;..\SYSTEM\Inc) DEBUG OBJECTEXTEND PRINT(.\Listings\communication.lst) OB
                    -JECT(..\Output\communication.obj)

line level    source

   1          #include "communication.h"
   2          
   3          RS485 rs485;
   4          uint8_t TX1_busy_Flag = 0;
   5          uint8_t cnt1 = 0;
   6          uint8_t cnt2 = 0;
   7          /**
   8           * @brief       串口4调用结构体 rs485 初始化
   9           *
  10           * @param   
  11           *
  12           * @return  void
  13          **/
  14          void Uart4_Send_Statu_Init( void )
  15          {
  16   1          rs485.RX4_rev_end_Flag = 0;
  17   1          rs485.TX4_buf[128] = 0;
  18   1          rs485.RX4_buf[128] = 0;
  19   1          rs485.TX4_send_bytelength = 0;
  20   1          rs485.TX4_send_cnt = 0;
  21   1          rs485.RX4_rev_timeout = 0;
  22   1          rs485.RX4_rev_cnt = 0;
  23   1          DR_485 = 0;
  24   1          rs485.send_scan_flag = 0;
  25   1      }
  26          
  27          /**
  28           * @brief       串口4中断处理函数
  29           *
  30           * @param   
  31           *
  32           * @return  void
  33          **/
  34          void Uart4_ISR() interrupt 18 
  35          {   
  36   1      
  37   1          /* 1, 检测到S4TI置1，即发送完毕                       */
  38   1          if( S4CON & S4TI )          //
  39   1          {
  40   2              /* 2, 软件将S4TI清零，等待发送标志位重置，可继续发送    */
  41   2              S4CON &= ~S4TI;         
  42   2              
  43   2              /* 3, 依次将TX4_buf中数据送出（写S4BUF操作即为发送）    */
  44   2              if( rs485.TX4_send_bytelength != 0 )
  45   2              {
  46   3                  S4BUF = rs485.TX4_buf[rs485.TX4_send_cnt++];
  47   3                  rs485.TX4_send_bytelength--;
  48   3              }else
  49   2              {
  50   3                  rs485.TX4_send_cnt = 0;
  51   3                  DR_485 = 0;
  52   3              }
  53   2          }
C51 COMPILER V9.60.7.0   COMMUNICATION                                                     04/14/2025 00:10:11 PAGE 2   

  54   1          
  55   1          /* 1, 检测到S2RI置1，即接收完毕                       */
  56   1          if( S4CON & S4RI )
  57   1          {
  58   2              /* 2, 软件将S2RI清零，等待接收标志位重置，可继续发送    */
  59   2              S4CON &= ~S4RI;
  60   2              /* 3, 判断数据包是否接收完毕                           */
  61   2              if( !rs485.RX4_rev_end_Flag )
  62   2              {
  63   3                  /* 4, 数据包大于RX_buf 则从头计数                  */
  64   3                  if( rs485.RX4_rev_cnt > 128 )
  65   3                  {
  66   4                      rs485.RX4_rev_cnt = 0;
  67   4                  }
  68   3      
  69   3                  /* 5, 依次将RX4_buf中数据接收（读S2BUF操作即为接收）*/
  70   3                  rs485.RX4_buf[rs485.RX4_rev_cnt] = S4BUF;
  71   3                  rs485.RX4_rev_cnt++;
  72   3              }
  73   2              /* 6, 重置接收完毕判断时间                              */
  74   2              rs485.RX4_rev_timeout = 50;
  75   2          }
  76   1      }
  77          
  78          /**
  79           * @brief       是否接收完毕判断函数
  80           *
  81           * @param   
  82           *
  83           * @return  void
  84          **/
  85          void Tim0_ISR( void ) interrupt 1   //1ms
  86          {
  87   1          /* 1, 如果接收未超时                                             */
  88   1          if ( rs485.RX4_rev_timeout != 0 )  
  89   1          {
  90   2              rs485.RX4_rev_timeout--;
  91   2              /* 2, 如果接收超时                                          */
  92   2              if( rs485.RX4_rev_timeout == 0 )  
  93   2              {
  94   3                  if( rs485.RX4_rev_cnt > 0 )  
  95   3                  {   
  96   4                       /* 3, 接收完毕标志位亮起并初始化接收缓冲区         */
  97   4                      rs485.RX4_rev_end_Flag = 1;    
  98   4                  }
  99   3              }
 100   2          } 
 101   1      }
 102          
 103          
 104          /**
 105           * @brief       串口1中断处理函数
 106           *
 107           * @param   
 108           *
 109           * @return  void
 110          **/
 111          void Uart1_ISR() interrupt 4
 112          {
 113   1          if(TI == 1)
 114   1          {
 115   2              TI = 0;
C51 COMPILER V9.60.7.0   COMMUNICATION                                                     04/14/2025 00:10:11 PAGE 3   

 116   2              TX1_busy_Flag = 0;
 117   2          }
 118   1          if(RI == 1)
 119   1          {
 120   2              RI = 0;
 121   2          }
 122   1      }
 123          
 124          /**
 125           * @brief       串口重定向
 126           *
 127           * @param   c:字符串
 128           *
 129           * @return  c
 130          **/
 131          char putchar(char c)  // 串口重定向需要添加头文件stdio.h
 132          {
 133   1          SBUF = c;
 134   1          while(TX1_busy_Flag);
 135   1          TX1_busy_Flag = 1;
 136   1          return c;
 137   1      }
 138          
 139          


MODULE INFORMATION:   STATIC OVERLAYABLE
   CODE SIZE        =    258    ----
   CONSTANT SIZE    =   ----    ----
   XDATA SIZE       =    267    ----
   PDATA SIZE       =   ----    ----
   DATA SIZE        =   ----    ----
   IDATA SIZE       =   ----    ----
   BIT SIZE         =   ----    ----
END OF MODULE INFORMATION.


C51 COMPILATION COMPLETE.  0 WARNING(S),  0 ERROR(S)
