C51 COMPILER V9.60.7.0   EEPROM_CRL                                                        04/14/2025 00:10:11 PAGE 1   


C51 COMPILER V9.60.7.0, COMPILATION OF MODULE EEPROM_CRL
OBJECT MODULE PLACED IN ..\Output\eeprom_crl.obj
COMPILER INVOKED BY: D:\APP\Keil_STM32\C51\BIN\C51.EXE ..\BSP\Src\eeprom_crl.c LARGE OPTIMIZE(8,SPEED) BROWSE INCDIR(..\
                    -BSP\Inc;..\Core\Inc;..\Driver;..\Emembed\Inc;..\SYSTEM\Inc) DEBUG OBJECTEXTEND PRINT(.\Listings\eeprom_crl.lst) OBJECT(.
                    -.\Output\eeprom_crl.obj)

line level    source

   1          #include "eeprom_crl.h"
   2          
   3          EEPROM_INFO eeprom;
   4          
   5          /**
   6           * @brief       eeprom状态判定，是否写入过
   7           *
   8           * @param   
   9           *
  10           * @return  void
  11          **/
  12          void eeprom_statu_judge( void )
  13          {
  14   1          uint8_t eeprom_statu_flag;
  15   1      
  16   1          eeprom_statu_flag = ISP_Read(EEPROM_STATU_JUDGE);
  17   1          //printf("The value of eeprom_statu_flag is 0x%02x \r\n",(int)eeprom_statu_flag);
  18   1          if( eeprom_statu_flag == 0xFF)
  19   1          {
  20   2              eeprom.pwm_info          = 0x03;          // 0000 0011  pwm默认开，3档风速
  21   2              eeprom.led_info          = 0x01;          // 0000 0001  led默认开
  22   2              eeprom.ac220_info        = 0x07;          // 0000 0111  220V输出默认三路使能
  23   2              eeprom.sync_info         = 0x00;          // 0000 0000  同步模式默认关闭
  24   2              eeprom.mode_info         = 0x02;          // 0000 0010  工作模式默认普通
  25   2              eeprom.temp_alarm_value  = 0x50;          // NTC1 alarm value 默认80℃
  26   2      
  27   2              eeprom_data_record(); 
  28   2          }
  29   1          eeprom_data_init();    
  30   1      }
  31          
  32          /**
  33           * @brief       eeprom 数据写入
  34           *
  35           * @param   
  36           *
  37           * @return  void
  38          **/
  39          void eeprom_data_record( void )
  40          {
  41   1          ISP_Earse(0x0000);
  42   1      
  43   1          ISP_Write(PWM_ADDR,eeprom.pwm_info);
  44   1          ISP_Write(LED_ADDR,eeprom.led_info);
  45   1          ISP_Write(AC220_ADDR,eeprom.ac220_info);
  46   1          ISP_Write(SYNC_ADDR,eeprom.sync_info);
  47   1          ISP_Write(MODE_ADDR,eeprom.mode_info);
  48   1          ISP_Write(TEMP_ALARM,eeprom.temp_alarm_value);
  49   1      
  50   1          ISP_Write(EEPROM_STATU_JUDGE,0x58);
  51   1      
  52   1          // printf("The value of 0 is : 0x%02x \r\n",(int)eeprom.pwm_info);
  53   1          // printf("The value of 1 is : 0x%02x \r\n",(int)eeprom.led_info);
C51 COMPILER V9.60.7.0   EEPROM_CRL                                                        04/14/2025 00:10:11 PAGE 2   

  54   1          // printf("The value of 2 is : 0x%02x \r\n",(int)eeprom.ac220_info);
  55   1          // printf("The value of 3 is : 0x%02x \r\n",(int)eeprom.temp_alarm_value1);
  56   1          // printf("The value of 4 is : 0x%02x \r\n",(int)eeprom.temp_alarm_value2);
  57   1          // printf("The value of 5 is : 0x%02x \r\n",(int)eeprom.temp_alarm_value3);
  58   1      }
  59          
  60          /**
  61           * @brief       eeprom 数据初始化
  62           *
  63           * @param   
  64           *
  65           * @return  void
  66          **/
  67          void eeprom_data_init( void )
  68          {
  69   1          /*    PWM风速初始化    */
  70   1          eeprom.pwm_info = ISP_Read(PWM_ADDR);
  71   1      
  72   1          PWMB_CCR7 = eeprom.pwm_info * 184;
  73   1      
  74   1          /*    LED开关状态初始化    */
  75   1          eeprom.led_info = ISP_Read(LED_ADDR);
  76   1      
  77   1          led_ctrl(eeprom.led_info );
  78   1      
  79   1          /*    三路220V输出使能初始化    */
  80   1          eeprom.ac220_info = ISP_Read(AC220_ADDR);
  81   1      
  82   1          ac_dc.ac220_out1_flag = ((eeprom.ac220_info) & 0x01);
  83   1          ac_dc.ac220_out2_flag = ((eeprom.ac220_info >> 1) & 0x01);
  84   1          ac_dc.ac220_out3_flag = ((eeprom.ac220_info >> 2) & 0x01);
  85   1      
  86   1          /*    同步状态初始化    */
  87   1          eeprom.sync_info = ISP_Read(SYNC_ADDR);
  88   1      
  89   1          ac_dc.sync_flag = eeprom.sync_info;
  90   1      
  91   1          /*    工作模式初始化    */
  92   1          eeprom.mode_info = ISP_Read(MODE_ADDR);
  93   1      
  94   1          ac_dc.mode_info  = eeprom.mode_info;
  95   1      
  96   1          /*    报警温度初始化    */
  97   1          eeprom.temp_alarm_value = ISP_Read(TEMP_ALARM);
  98   1      
  99   1          temp.temp_alarm_value = eeprom.temp_alarm_value;
 100   1      }


MODULE INFORMATION:   STATIC OVERLAYABLE
   CODE SIZE        =    257    ----
   CONSTANT SIZE    =   ----    ----
   XDATA SIZE       =      6    ----
   PDATA SIZE       =   ----    ----
   DATA SIZE        =   ----    ----
   IDATA SIZE       =   ----    ----
   BIT SIZE         =   ----    ----
END OF MODULE INFORMATION.


C51 COMPILATION COMPLETE.  0 WARNING(S),  0 ERROR(S)
