C51 COMPILER V9.60.7.0   POWER_CRL                                                         04/14/2025 16:59:40 PAGE 1   


C51 COMPILER V9.60.7.0, COMPILATION OF MODULE POWER_CRL
OBJECT MODULE PLACED IN ..\Output\power_crl.obj
COMPILER INVOKED BY: D:\APP\Keil_v5\C51\BIN\C51.EXE ..\BSP\Src\power_crl.c LARGE OPTIMIZE(8,SPEED) BROWSE INCDIR(..\BSP\
                    -Inc;..\Core\Inc;..\Driver;..\Emembed\Inc;..\SYSTEM\Inc) DEBUG OBJECTEXTEND PRINT(.\Listings\power_crl.lst) OBJECT(..\Out
                    -put\power_crl.obj)

line level    source

   1          #include "power_crl.h"
   2          
   3          AC_DC ac_dc;
   4          
   5          /**
   6           * @brief       ç§»ç›¸è§¦å‘è°ƒç”¨ç»“æž„ä½“åˆå§‹åŒ–
   7           *
   8           * @param   
   9           *
  10           * @return  void
  11          **/
  12          void Power_Statu_Init( void )
  13          {
  14   1          ac_dc.zero_flag  = 0;
  15   1          temp.temp_scan_flag = 0;
  16   1          AC_Out1 = AC_Out2 = AC_Out3 = 1;
  17   1      }
  18          
  19          /**
  20           * @brief       å¤–éƒ¨ä¸­æ–­0ä¸­æ–­å¤„ç†å‡½æ•°
  21           *
  22           * @param   
  23           *
  24           * @return  void
  25          **/
  26          void INT0_ISR( void ) interrupt 0
  27          {
  28   1          /* 1, æ£€æµ‹åˆ°å¤–éƒ¨ä¸­æ–­åŽï¼Œç­‰å¾…THL\TLIåŽè§¦å‘TIM1ä¸­æ–­       */
  29   1          TL1 = ac_dc.time_delay;                             
  30   1              TH1 = ac_dc.time_delay >> 8;                            
  31   1      
  32   1          ac_dc.zero_flag = 1;
  33   1      
  34   1          /* 2, å®šæ—¶å™¨1å¼€å§‹è®¡æ—¶ï¼Œæ‰“å¼€TIM1ä¸­æ–­                     */
  35   1          TR1 = 1;                                 
  36   1          ET1 = 1; 
  37   1      }
  38          
  39          /**
  40           * @brief       Timer1ä¸­æ–­å¤„ç†å‡½æ•°
  41           *
  42           * @param   
  43           *
  44           * @return  void
  45          **/
  46          void Tim1_ISR( void ) interrupt 3   //10ms
  47          {
  48   1          /* 1, ä¸­æ–­è§¦å‘åŽï¼Œpower_chç”µå¹³ ç”±é«˜ç”µå¹³å˜ä¸ºä½Žç”µå¹³           */
  49   1          if( ac_dc.zero_flag == 1 )
  50   1          {
  51   2              ac_dc.zero_flag = 0;
  52   2      
  53   2               /* 2, æ¸©åº¦å…è®¸ï¼Œä½¿èƒ½ä¸º1æ—¶å¯å¼€å¯è¾“å‡º          */
C51 COMPILER V9.60.7.0   POWER_CRL                                                         04/14/2025 16:59:40 PAGE 2   

  54   2              if(( ac_dc.ac220_out1_enable == 1 ) && (ac_dc.ac220_out1_temp_allow == 1))
  55   2              {
  56   3                  AC_Out1 = 0;
  57   3              }
  58   2              if(( ac_dc.ac220_out2_enable == 1 ) && (ac_dc.ac220_out2_temp_allow == 1))
  59   2              {
  60   3                  AC_Out2 = 0;
  61   3              }
  62   2              if(( ac_dc.ac220_out3_enable == 1 ) && (ac_dc.ac220_out3_temp_allow == 1))
  63   2              {
  64   3                  AC_Out3 = 0;
  65   3              }
  66   2      
  67   2               /* 3, è®¾ç½®ä¸‹ä¸€æ¬¡Timer1ä¸­æ–­è§¦å‘æ‰€éœ€æ—¶é—´ï¼Œå³è„‰å†²æ—¶é—´       */
  68   2              TL1 = 0xF7;                             
  69   2              TH1 = 0xFF;                             
  70   2          }else
  71   1          {
  72   2              /* 2, ä¸‹ä¸€æ¬¡è¿›å…¥Timer1ä¸­æ–­ï¼Œpower_chç”µå¹³ ç”±ä½Žç”µå¹³å˜ä¸ºé«˜ç”µå¹³ï¼Œå®Œæˆä¸€æ¬¡10usè
             -„‰å†²ï¼Œå³æ–©æ³¢*/
  73   2              AC_Out1 = AC_Out2 = AC_Out3 = 1;
  74   2      
  75   2              /* 3, å®šæ—¶å™¨1åœæ­¢è®¡æ—¶ï¼Œå…³é—­TIM1ä¸­æ–­ï¼Œç­‰å¾…ä¸‹ä¸€æ¬¡å¤–éƒ¨ä¸­æ–­     */
  76   2              TR1 = 0;                                    
  77   2              ET1 = 0; 
  78   2          }
  79   1      }
  80          
  81          /**
  82           * @brief       220Vè¾“å‡ºåŠŸçŽ‡æŽ§åˆ¶å‡½æ•° 
  83           *
  84           * @param   power_levelï¼šè¾“å‡ºåŠŸçŽ‡ç™¾åˆ†æ¯”  0%~100%
  85           *
  86           * @return  void
  87          **/
  88          void ac_220v_crl( uint8_t power_level )
  89          {
  90   1          ac_dc.time_delay = 58000 + 75*power_level;
  91   1      }
  92          
  93          /**
  94           * @brief       24V LEDå¼€å…³æŽ§åˆ¶å‡½æ•°
  95           *
  96           * @param   on_offï¼š0ï¼šå…³é—­ 1ï¼šå¼€å¯
  97           *
  98           * @return  void
  99          **/
 100          void led_ctrl( uint8_t on_off )
 101          {
 102   1          if( on_off == FAN_ON )
 103   1          {
 104   2              LED = 0;
 105   2          }else
 106   1          {
 107   2              LED = 1;
 108   2          }
 109   1      }
 110          
 111          /**
 112           * @brief       24V PWMé£Žæ‰‡æ¡£ä½æŽ§åˆ¶å‡½æ•°
 113           *
 114           * @param   level :é£Žæ‰‡æ¡£ä½ 0~6æ¡£
C51 COMPILER V9.60.7.0   POWER_CRL                                                         04/14/2025 16:59:40 PAGE 3   

 115           *
 116           * @return  void
 117          **/
 118          void fan_ctrl( uint8_t level )
 119          {
 120   1          PWMB_CCR7= level * 184;
 121   1      }
 122          
 123          /**
 124           * @brief       åŒæ­¥æŽ§åˆ¶å‡½æ•°ï¼šæ— å¤–éƒ¨ä¿¡å·æ—¶ PWMé£Žæ‰‡å’Œ220Vè¾“å‡ºå…³é—­
 125           *
 126           * @param   
 127           *
 128           * @return  void
 129          **/
 130          void sync_ctrl( void )
 131          {
 132   1          if( ac_dc.sync_flag == 1 )
 133   1          {
 134   2              if( ac_dc.signal_in_flag == 1 )
 135   2              {
 136   3                  PWMB_BKR = 0x80;    //PWMæŽ§åˆ¶
 137   3                  EX0 = 1;            //å¤–éƒ¨ä¸­æ–­æŽ§åˆ¶
 138   3              }else
 139   2              {
 140   3                  PWMB_BKR = 0x00; 
 141   3                  EX0 = 0;
 142   3              }
 143   2          }else
 144   1          {
 145   2              PWMB_BKR = 0x80; 
 146   2              EX0 = 1;
 147   2          }
 148   1      }
 149          
 150          /**
 151           * @brief       æ¨¡å¼æŽ§åˆ¶å‡½æ•° 
 152           *
 153           * @param   
 154           *
 155           * @return  void
 156          **/
 157          void mode_ctrl( uint8_t mode_num )
 158          {
 159   1          switch (mode_num)
 160   1          {
 161   2              case 0x01:
 162   2                  ac_220v_crl(30);
 163   2                  fan_ctrl(3);
 164   2      
 165   2                  eeprom.ac220_level = 30;
 166   2                  eeprom.pwm_info = 3;
 167   2                  eeprom_data_record();
 168   2      
 169   2                  break;
 170   2      
 171   2              case 0x02:
 172   2                  ac_220v_crl(50);
 173   2                  fan_ctrl(4);
 174   2      
 175   2                  eeprom.ac220_level = 50;
 176   2                  eeprom.pwm_info = 4;
C51 COMPILER V9.60.7.0   POWER_CRL                                                         04/14/2025 16:59:40 PAGE 4   

 177   2                  eeprom_data_record();
 178   2      
 179   2                  break;
 180   2      
 181   2              case 0x04:
 182   2                  ac_220v_crl(80);
 183   2                  fan_ctrl(6);
 184   2      
 185   2                  eeprom.ac220_level = 80;
 186   2                  eeprom.pwm_info = 6;
 187   2                  eeprom_data_record();
 188   2      
 189   2                  break;
 190   2      
 191   2              default:
 192   2                  break;
 193   2          }
 194   1      }
 195          
 196          /**
 197           * @brief æ¸©åº¦æ‰«æï¼Œ1s/æ¬¡ æŽ§åˆ¶220Vè¾“å‡ºä½¿èƒ½
 198           *
 199           * @param[in] 
 200           * 
 201           * @return  
 202           * 
 203          **/
 204          void temp_scan( void )
 205          {
 206   1          if( temp.temp_scan_flag == 1)
 207   1          {
 208   2              temp.temp_value1 =  get_temp(NTC_1);
 209   2              temp.temp_value2 =  get_temp(NTC_2);
 210   2              temp.temp_value3 =  get_temp(NTC_3);
 211   2      
 212   2              if( temp.temp_value1 >= temp.temp_alarm_value )  
 213   2              {
 214   3                  ac_dc.ac220_out1_temp_allow = 0;     
 215   3              }else
 216   2              {
 217   3                  ac_dc.ac220_out1_temp_allow = 1; 
 218   3              }
 219   2      
 220   2              if( temp.temp_value2 >= temp.temp_alarm_value )  
 221   2              {
 222   3                  ac_dc.ac220_out2_temp_allow = 0;     
 223   3              }else
 224   2              {
 225   3                  ac_dc.ac220_out2_temp_allow = 1; 
 226   3              }
 227   2      
 228   2              if( temp.temp_value3 >= temp.temp_alarm_value )  
 229   2              {
 230   3                  ac_dc.ac220_out3_temp_allow = 0;     
 231   3              }else
 232   2              {
 233   3                  ac_dc.ac220_out3_temp_allow = 1; 
 234   3              }
 235   2      
 236   2              temp.temp_scan_flag = 0;
 237   2          }
 238   1      }
C51 COMPILER V9.60.7.0   POWER_CRL                                                         04/14/2025 16:59:40 PAGE 5   



MODULE INFORMATION:   STATIC OVERLAYABLE
   CODE SIZE        =    433    ----
   CONSTANT SIZE    =   ----    ----
   XDATA SIZE       =     12    ----
   PDATA SIZE       =   ----    ----
   DATA SIZE        =   ----    ----
   IDATA SIZE       =   ----    ----
   BIT SIZE         =   ----    ----
END OF MODULE INFORMATION.


C51 COMPILATION COMPLETE.  0 WARNING(S),  0 ERROR(S)
